<?xml version="1.0" encoding="UTF-8"?>
<!-- Generated by org.testng.reporters.JUnitReportReporter -->
<testsuite skipped="0" hostname="PWCTXGWVD359" name="ReverseTestNG" tests="1" failures="0" timestamp="20 Aug 2019 12:20:12 GMT" time="4.534" errors="0">
  <testcase name="test" time="4.534" classname="ReverseTestNG"/>
</testsuite> <!-- ReverseTestNG -->
