<?xml version="1.0" encoding="UTF-8"?>
<!-- Generated by org.testng.reporters.JUnitReportReporter -->
<testsuite skipped="0" hostname="PWCTXGWVD359" name="Screenshots" tests="1" failures="0" timestamp="27 Aug 2019 07:25:51 GMT" time="11.273" errors="0">
  <testcase name="Snippet" time="11.273" classname="Screenshots"/>
</testsuite> <!-- Screenshots -->
